Build started 1/22/16 2:39:02 PM.
     1>Project "\\Mac\Home\Desktop\zTDBx32\zTDB\zTDB\zTDB.vcxproj" on node 2 (Build target(s)).
     1>ClCompile:
         C:\Program Files (x86)\Microsoft Visual Studio 12.0\VC\bin\CL.exe /c /Zi /nologo /W3 /WX- /sdl /O2 /Oi /Oy- /GL /D WIN32 /D NDEBUG /D _WINDOWS /D _USRDLL /D ZTDB_EXPORTS /D _WINDLL /D _UNICODE /D UNICODE /Gm- /EHsc /MD /GS /Gy /fp:precise /Zc:wchar_t /Zc:forScope /Fo"Release\\" /Fd"Release\vc120.pdb" /Gd /TP /analyze- /errorReport:prompt zTDBApi.cpp
         zTDBApi.cpp
     1>c:\users\zed\anaconda\include\pymath.h(22): warning C4273: 'round' : inconsistent dll linkage
                 C:\Program Files (x86)\Microsoft Visual Studio 12.0\VC\include\math.h(516) : see previous definition of 'round'
         NOTE: Use of this header (ice_or.hpp) is deprecated
         NOTE: Use of this header (ice_and.hpp) is deprecated
         NOTE: Use of this header (ice_not.hpp) is deprecated
         NOTE: Use of this header (ice_eq.hpp) is deprecated
       Link:
         C:\Program Files (x86)\Microsoft Visual Studio 12.0\VC\bin\link.exe /ERRORREPORT:PROMPT /OUT:"\\Mac\Home\Desktop\zTDBx32\zTDB\Release\zTDB.dll" /INCREMENTAL:NO /NOLOGO /LIBPATH:\\Mac\Home\Desktop\zTDBx32\zTDB\lib /LIBPATH:C:\Users\zed\Anaconda\libs /LIBPATH:C:\Users\zed\boost_1_60_0\stage\lib kernel32.lib user32.lib gdi32.lib winspool.lib comdlg32.lib advapi32.lib shell32.lib ole32.lib oleaut32.lib uuid.lib odbc32.lib odbccp32.lib /MANIFEST /MANIFESTUAC:"level='asInvoker' uiAccess='false'" /manifest:embed /DEBUG /PDB:"\\Mac\Home\Desktop\zTDBx32\zTDB\Release\zTDB.pdb" /SUBSYSTEM:WINDOWS /OPT:REF /OPT:ICF /LTCG /TLBID:1 /DYNAMICBASE /NXCOMPAT /IMPLIB:"\\Mac\Home\Desktop\zTDBx32\zTDB\Release\zTDB.lib" /MACHINE:X86 /SAFESEH /DLL Release\dllmain.obj
         Release\stdafx.obj
         Release\zTDB.obj
         Release\zTDBApi.obj
         ..\lib\TDB_API_Windows_v2.lib
            Creating library \\Mac\Home\Desktop\zTDBx32\zTDB\Release\zTDB.lib and object \\Mac\Home\Desktop\zTDBx32\zTDB\Release\zTDB.exp
         Generating code
         Finished generating code
         zTDB.vcxproj -> \\Mac\Home\Desktop\zTDBx32\zTDB\Release\zTDB.dll
     1>Done Building Project "\\Mac\Home\Desktop\zTDBx32\zTDB\zTDB\zTDB.vcxproj" (Build target(s)).

Build succeeded.

Time Elapsed 00:00:08.40
